2021-05-18 11:49:00,871 [Worker-3] INFO  c.g.t.t.d.PublishedGradleVersions - Gradle version information cache is up-to-date. Trying to read.
2021-05-18 11:50:34,509 [Worker-5] INFO  o.e.m.c.i.l.LifecycleMappingFactory - Using org.eclipse.m2e.jdt.JarLifecycleMapping lifecycle mapping for MavenProject: org:Ex2FW:0.0.1-SNAPSHOT @ C:\framework\Ex2FW\pom.xml.
2021-05-18 11:50:34,509 [Worker-7] INFO  o.e.m.c.i.l.LifecycleMappingFactory - Using org.eclipse.m2e.jdt.JarLifecycleMapping lifecycle mapping for MavenProject: org:Ex2FW:0.0.1-SNAPSHOT @ C:\framework\Ex2FW\pom.xml.
2021-05-18 11:50:35,867 [Worker-7] INFO  o.e.m.c.i.embedder.EclipseLogger - Using 'UTF-8' encoding to copy filtered resources.
2021-05-18 11:50:35,867 [Worker-7] INFO  o.e.m.c.i.embedder.EclipseLogger - skip non existing resourceDirectory C:\framework\Ex2FW\src\main\resources
2021-05-18 11:50:35,880 [Worker-7] INFO  o.e.m.c.i.embedder.EclipseLogger - Using 'UTF-8' encoding to copy filtered resources.
2021-05-18 11:50:35,880 [Worker-7] INFO  o.e.m.c.i.embedder.EclipseLogger - skip non existing resourceDirectory C:\framework\Ex2FW\src\test\resources
2021-05-18 11:50:37,883 [Worker-6] INFO  o.e.m.c.i.l.LifecycleMappingFactory - Using org.eclipse.m2e.jdt.JarLifecycleMapping lifecycle mapping for MavenProject: org:Ex2FW:0.0.1-SNAPSHOT @ C:\framework\Ex2FW\pom.xml.
2021-05-18 11:50:38,275 [Worker-1] INFO  o.e.m.c.i.embedder.EclipseLogger - Using 'UTF-8' encoding to copy filtered resources.
2021-05-18 11:50:38,275 [Worker-1] INFO  o.e.m.c.i.embedder.EclipseLogger - skip non existing resourceDirectory C:\framework\Ex2FW\src\main\resources
2021-05-18 11:50:38,279 [Worker-1] INFO  o.e.m.c.i.embedder.EclipseLogger - Using 'UTF-8' encoding to copy filtered resources.
2021-05-18 11:50:38,279 [Worker-1] INFO  o.e.m.c.i.embedder.EclipseLogger - skip non existing resourceDirectory C:\framework\Ex2FW\src\test\resources
2021-05-18 11:50:39,664 [Worker-12] INFO  o.e.m.c.i.embedder.EclipseLogger - Using 'UTF-8' encoding to copy filtered resources.
2021-05-18 11:50:39,664 [Worker-12] INFO  o.e.m.c.i.embedder.EclipseLogger - skip non existing resourceDirectory C:\framework\Ex2FW\src\main\resources
2021-05-18 11:50:39,665 [Worker-12] INFO  o.e.m.c.i.embedder.EclipseLogger - Using 'UTF-8' encoding to copy filtered resources.
2021-05-18 11:50:39,665 [Worker-12] INFO  o.e.m.c.i.embedder.EclipseLogger - skip non existing resourceDirectory C:\framework\Ex2FW\src\test\resources
2021-05-18 11:52:23,570 [Worker-16] INFO  o.e.m.c.i.p.ProjectConfigurationManager - Update started
2021-05-18 11:52:24,191 [Worker-16] INFO  o.e.m.c.i.l.LifecycleMappingFactory - Using org.eclipse.m2e.jdt.JarLifecycleMapping lifecycle mapping for MavenProject: org:Ex2FW:0.0.1-SNAPSHOT @ C:\framework\Ex2FW\pom.xml.
2021-05-18 11:52:24,959 [Worker-16] INFO  o.e.m.j.i.AbstractJavaProjectConfigurator - Adding source folder /Ex2FW/src/main/java
2021-05-18 11:52:24,961 [Worker-16] INFO  o.e.m.j.i.AbstractJavaProjectConfigurator - Adding source folder /Ex2FW/src/test/java
2021-05-18 11:52:25,208 [Worker-16] INFO  o.e.m.c.i.p.ProjectConfigurationManager - Update completed: 1 sec
2021-05-18 11:52:25,861 [Worker-8] INFO  o.e.m.c.i.embedder.EclipseLogger - Using 'UTF-8' encoding to copy filtered resources.
2021-05-18 11:52:25,862 [Worker-8] INFO  o.e.m.c.i.embedder.EclipseLogger - skip non existing resourceDirectory C:\framework\Ex2FW\src\main\resources
